<?xml version="1.0" encoding="UTF-8"?>
<!-- Generated by org.testng.reporters.JUnitXMLReporter -->
<testsuite ignored="4" hostname="Rami" failures="0" tests="3" name="Regression Test" time="7.618" errors="0" timestamp="2023-03-25T18:40:10 EET">
  <testcase classname="tests.EgyptTest" name="VerEgySub" time="1.872"/>
  <testcase classname="tests.EmiratesTest" name="VerEmiratesSub" time="2.989"/>
  <testcase classname="tests.JordanTest" name="VerJordanSub" time="2.705"/>
  <testcase classname="tests.TestBase" name="@BeforeSuite startDriver" time="0.0">
    <ignored/>
  </testcase> <!-- @BeforeSuite startDriver -->
  <testcase classname="tests.TestBase" name="@BeforeSuite startDriver" time="0.0">
    <ignored/>
  </testcase> <!-- @BeforeSuite startDriver -->
  <testcase classname="tests.TestBase" name="@AfterSuite closeDriver" time="0.0">
    <ignored/>
  </testcase> <!-- @AfterSuite closeDriver -->
  <testcase classname="tests.TestBase" name="@AfterSuite closeDriver" time="0.0">
    <ignored/>
  </testcase> <!-- @AfterSuite closeDriver -->
</testsuite> <!-- Regression Test -->
